Build started 14/08/17 05:25:50.
     1>Project "C:\Users\Yuval\Desktop\Game of Life\Game of Life\Game of Life.vcxproj" on node 2 (Build target(s)).
     1>ClCompile:
         E:\Program Files (x86)\Microsoft Visual Studio 12.0\VC\bin\CL.exe /c /ZI /nologo /W3 /WX- /sdl /Od /Oy- /D WIN32 /D _DEBUG /D _CONSOLE /D _LIB /D _UNICODE /D UNICODE /Gm /EHsc /RTC1 /MDd /GS /fp:precise /Zc:wchar_t /Zc:forScope /Fo"Debug\\" /Fd"Debug\vc120.pdb" /Gd /TC /analyze- /errorReport:prompt Main.c
         Main.c
     1>c:\users\yuval\desktop\game of life\game of life\main.c(27): warning C4020: 'next_gen' : too many actual parameters
     1>c:\users\yuval\desktop\game of life\game of life\main.c(32): warning C4013: 'getch' undefined; assuming extern returning int
     1>c:\users\yuval\desktop\game of life\game of life\main.c(65): warning C4013: 'srand' undefined; assuming extern returning int
     1>c:\users\yuval\desktop\game of life\game of life\main.c(65): warning C4013: 'time' undefined; assuming extern returning int
     1>c:\users\yuval\desktop\game of life\game of life\main.c(69): warning C4013: 'rand' undefined; assuming extern returning int
     1>c:\users\yuval\desktop\game of life\game of life\main.c(100): warning C4029: declared formal parameter list different from definition
     1>c:\users\yuval\desktop\game of life\game of life\main.c(126): warning C4013: 'exit' undefined; assuming extern returning int
     1>c:\users\yuval\desktop\game of life\game of life\main.c(157): warning C4013: 'system' undefined; assuming extern returning int
         E:\Program Files (x86)\Microsoft Visual Studio 12.0\VC\bin\CL.exe /c /ZI /nologo /W3 /WX- /sdl /Od /Oy- /D WIN32 /D _DEBUG /D _CONSOLE /D _LIB /D _UNICODE /D UNICODE /Gm /EHsc /RTC1 /MDd /GS /fp:precise /Zc:wchar_t /Zc:forScope /Fo"Debug\\" /Fd"Debug\vc120.pdb" /Gd /TP /analyze- /errorReport:prompt stdafx.cpp
         stdafx.cpp
       Link:
         E:\Program Files (x86)\Microsoft Visual Studio 12.0\VC\bin\link.exe /ERRORREPORT:PROMPT /OUT:"C:\Users\Yuval\Desktop\Game of Life\Debug\Game of Life.exe" /INCREMENTAL /NOLOGO kernel32.lib user32.lib gdi32.lib winspool.lib comdlg32.lib advapi32.lib shell32.lib ole32.lib oleaut32.lib uuid.lib odbc32.lib odbccp32.lib /MANIFEST /MANIFESTUAC:"level='asInvoker' uiAccess='false'" /manifest:embed /DEBUG /PDB:"C:\Users\Yuval\Desktop\Game of Life\Debug\Game of Life.pdb" /SUBSYSTEM:CONSOLE /TLBID:1 /DYNAMICBASE /NXCOMPAT /IMPLIB:"C:\Users\Yuval\Desktop\Game of Life\Debug\Game of Life.lib" /MACHINE:X86 Debug\Main.obj
         Debug\stdafx.obj
         Game of Life.vcxproj -> C:\Users\Yuval\Desktop\Game of Life\Debug\Game of Life.exe
     1>Done Building Project "C:\Users\Yuval\Desktop\Game of Life\Game of Life\Game of Life.vcxproj" (Build target(s)).

Build succeeded.

Time Elapsed 00:00:02.85
